[2017-06-10 10:57:13 PRC] PHP Debug: 
{
    "0": "SELECT * FROM b0001_admin",
    "1": "SELECT * FROM b0001_admin WHERE state = 1 AND name = 'admin'"
}
[2017-06-10 10:57:14 PRC] PHP Debug: 
{
    "0": "SELECT * FROM b0001_admin",
    "1": "SELECT * FROM b0001_admin WHERE state = 1 AND name = 'admin'"
}
[2017-06-10 10:57:17 PRC] PHP Debug: 
{
    "0": "SELECT * FROM b0001_admin",
    "1": "SELECT * FROM b0001_admin WHERE state = 1 AND name = 'admin'",
    "2": "UPDATE `b0001_admin` SET `json` = '{\"login_time\":\"2017-06-10 10:57\",\"login_ip\":\"127.0.0.1\",\"login_count\":1}' WHERE (id = '1')",
    "3": "select version();",
    "4": "INSERT INTO `b0001_log` (`admin_id`, `admin_name`, `table`, `type`, `ip`, `ctime`) VALUES ('1', 'admin', 'admin', 'login', '127.0.0.1', '1497063437')"
}
[2017-06-10 10:57:18 PRC] PHP Debug: 
{
    "0": "SELECT * FROM b0001_site",
    "1": "SELECT * FROM b0001_site"
}
[2017-06-10 10:57:18 PRC] PHP Debug: 
{
    "0": "SELECT * FROM b0001_log",
    "1": "SELECT * FROM b0001_log WHERE pid = 0 ORDER BY ctime DESC LIMIT 4"
}
[2017-06-10 10:57:41 PRC] PHP Debug: 
{
    "0": "SELECT * FROM b0001_site",
    "1": "SELECT COUNT(*) FROM b0001_site WHERE (name = 'my_intro')",
    "2": "UPDATE `b0001_site` SET `value` = '&lt;p&gt;&lt;span style=&quot;color: #a2966e;&quot;&gt;做出设计简约、亲切、让用户操作流畅的网站&lt;\/span&gt;&lt;\/p&gt;\r\n&lt;p&gt;&lt;span style=&quot;color: #a2966e;&quot;&gt;这就是飞屋工作室正在做的事&lt;\/span&gt;&lt;\/p&gt;\r\n&lt;p&gt;&lt;span style=&quot;color: #a2966e;&quot;&gt;飞屋的想法是帮助那些拥有创意和梦想的人&lt;\/span&gt;&lt;\/p&gt;\r\n&lt;p&gt;&lt;span style=&quot;color: #a2966e;&quot;&gt;通过网站这样的渠道让他们的想法传递到全世界&lt;\/span&gt;&lt;\/p&gt;\r\n&lt;p&gt;&lt;span style=&quot;color: #a2966e;&quot;&gt;关注我们的&lt;span style=&quot;color: #e8b691;&quot;&gt;&lt;a style=&quot;color: #e8b691;&quot; href=&quot;http:\/\/www.ifeiwu.com&quot;&gt;微博&lt;\/a&gt;&lt;\/span&gt;或微信公号&lt;span style=&quot;color: #e8b691;&quot;&gt;ifeiwu&lt;\/span&gt;&lt;\/span&gt;&lt;\/p&gt;' WHERE (name = 'my_intro')",
    "3": "SELECT COUNT(*) FROM b0001_site WHERE (name = 'my_cover')",
    "4": "UPDATE `b0001_site` SET `value` = 'cover.jpg' WHERE (name = 'my_cover')",
    "5": "SELECT COUNT(*) FROM b0001_site WHERE (name = 'my_name')",
    "6": "UPDATE `b0001_site` SET `value` = 'Alexandria' WHERE (name = 'my_name')",
    "7": "SELECT COUNT(*) FROM b0001_site WHERE (name = 'my_job')",
    "8": "UPDATE `b0001_site` SET `value` = 'Web Design' WHERE (name = 'my_job')",
    "9": "SELECT COUNT(*) FROM b0001_site WHERE (name = 'my_name_color')",
    "10": "UPDATE `b0001_site` SET `value` = 'rgba(255,255,255,1)' WHERE (name = 'my_name_color')",
    "11": "SELECT COUNT(*) FROM b0001_site WHERE (name = 'my_job_color')",
    "12": "UPDATE `b0001_site` SET `value` = 'rgba(203,192,155,1)' WHERE (name = 'my_job_color')",
    "13": "INSERT INTO `b0001_log` (`title`, `admin_id`, `admin_name`, `url`, `table`, `type`, `ip`, `ctime`) VALUES ('网站设置', '1', 'admin', 'http:\/\/cloud.ifeiwu.com\/main@form\/form?pi=0,2&nid=&p=1', 'site', 'update', '127.0.0.1', '1497063461')"
}
[2017-06-10 10:57:41 PRC] PHP Debug: 
{
    "0": "SELECT * FROM b0001_site",
    "1": "SELECT * FROM b0001_site"
}
[2017-06-10 10:58:05 PRC] PHP Debug: 
{
    "0": "SELECT * FROM b0001_item",
    "1": "SELECT COUNT(*) FROM b0001_item WHERE (nid = '2')",
    "2": "SELECT id, pid, title, ctime, utime, state, sortby FROM b0001_item WHERE (nid = '2') ORDER BY sortby DESC, ctime DESC LIMIT 0, 6"
}
[2017-06-10 10:58:06 PRC] PHP Debug: 
{
    "0": "SELECT * FROM b0001_item",
    "1": "SELECT * FROM b0001_item WHERE (id = '1')"
}
[2017-06-10 10:58:30 PRC] PHP Debug: 
{
    "0": "SELECT * FROM b0001_admin",
    "1": "SELECT * FROM b0001_admin WHERE state = 1 AND name = 'admin'",
    "2": "UPDATE `b0001_admin` SET `json` = '{\"login_time\":\"2017-06-10 10:58\",\"login_ip\":\"127.0.0.1\",\"login_count\":2}' WHERE (id = '1')",
    "3": "select version();",
    "4": "INSERT INTO `b0001_log` (`admin_id`, `admin_name`, `table`, `type`, `ip`, `ctime`) VALUES ('1', 'admin', 'admin', 'login', '127.0.0.1', '1497063510')"
}
[2017-06-10 10:58:30 PRC] PHP Debug: 
{
    "0": "SELECT * FROM b0001_site",
    "1": "SELECT * FROM b0001_site"
}
[2017-06-10 10:58:30 PRC] PHP Debug: 
{
    "0": "SELECT * FROM b0001_log",
    "1": "SELECT * FROM b0001_log WHERE pid = 0 ORDER BY ctime DESC LIMIT 4"
}
[2017-06-10 10:58:32 PRC] PHP Debug: 
{
    "0": "SELECT * FROM b0001_item",
    "1": "SELECT COUNT(*) FROM b0001_item WHERE (nid = '2')",
    "2": "SELECT id, pid, title, ctime, utime, state, sortby FROM b0001_item WHERE (nid = '2') ORDER BY sortby DESC, ctime DESC LIMIT 0, 6"
}
[2017-06-10 10:58:34 PRC] PHP Debug: 
{
    "0": "SELECT * FROM b0001_item",
    "1": "SELECT * FROM b0001_item WHERE (id = '1')"
}
[2017-06-10 10:58:45 PRC] PHP Debug: 
{
    "0": "SELECT * FROM b0001_item",
    "1": "UPDATE `b0001_item` SET `id` = '1', `nid` = '2', `state` = '1', `sortby` = '100', `title` = '平面设计中的形与色', `tag` = '', `keywords` = '', `description` = '', `content` = '&lt;h3&gt;演示内容&lt;\/h3&gt;\r\n&lt;p&gt;设计真是一件主观的事，两年前自己做的设计现在看了完全入不了眼，甚至觉得羞愧难当。所以，今年开始毅然决定要把以前的失败设计拿出来修修改改，谁知道，小打小闹就变成了正经八百的改头换面。&lt;\/p&gt;\r\n&lt;p&gt;对极简的执着也许只是种可以高唱的调调，但真正大刀阔斧开始做起反而很难入手。第一版修改的差强人意，结果大家还是喜欢这种左右结构的变化。我们想要让网站变成一个好像杂志或一本书一样的，让人有阅读的欲望，而不是瞬间填满人们的激情再瞬间丧失掉大家的胃口。这个理想，是个模型。所以，做出来就是完全要往用户体验的细节里深入。钻研到头昏眼花的时候也有过，大家吵得不可开交的时候也发生过。&lt;\/p&gt;\r\n&lt;p&gt;改版的第一版设计，算是永不见天日了。第二版设计是出自关于非对称设计的关注。开始的过程也无声无息，总是从&amp;ldquo;是不是这样更有趣？&amp;rdquo;这样的疑问出发。好奇心驱使我做了一个改动比较大的版本。那就是现在的非对称版。说是非对称设计，其实也不完全正确，至少有别于目前的网格式设计。这让大家马上感觉到了新鲜和有趣。&lt;\/p&gt;\r\n&lt;p&gt;我们对这个设计的期待是希望简单易用，结构扁平，保持唯一入口。链接不多，几乎就削减了任何可能的干扰，把焦点集中到内容。这几乎就是我们历来设计的风格灵魂。所以，我陆续又完成了第二版设计平面。我们希望它能独特一点，但又不想太剑走偏锋。这种矛盾的心情，就像走钢丝。&lt;\/p&gt;\r\n&lt;p&gt;配色的选择完全依靠内心的选择，没有研究过什么色彩定律。执着地运用了黑白调，甚至让图片也全升华为黑白。唯一的只有一种蓝绿色作为强调色。这不得不说是一次冒险。因为总是小小的担心会浮出来，大家会不会觉得这太肃静了。最后是感性淹没了所有反对的声音。没错，就是喜欢！&lt;\/p&gt;\r\n&lt;p&gt;导航是我们认为比较碍眼的表达，但汉堡符号也加重了用户的操作负担，因此我们选择用鼠标滑过再出现导航的方式，让读者感到更大更宽广的自由留白。由于中文字体在网页上的局限，我们用了英文的标题，简化了中文字符的复杂扰乱页面的宁静。因此，我们给了每个轻网站一个古希腊神邸的名字。把文章的排版设计为一种目录预览式，让目录浮动在右侧，给读者导航。&lt;\/p&gt;\r\n&lt;p&gt;是的，这只是我们小小的努力中的沧海一粟，不足为道。但直到昨天上线，我们才发现还有几个页面由于内容没有填满而无法上线。不过目前这样，已经完成了理想中的70%。团队里那种完成工作以后的小轻松和小兴奋已经开始出现。&lt;\/p&gt;\r\n&lt;p&gt;这一次，我们暂时没有修改手机版本的官网，出发点从PC端开始。路还很长，我们刚起步。有些无奈难以言表。如果没有观众，我们也不知道有没有独舞下去的力量。但至少目前有了一小撮支持者，只能饱含感激。&lt;\/p&gt;\r\n&lt;p&gt;身为设计师多年，发现设计就是一路往回看，都是丑物。唯一的美，也许就是目前刚完成的这个&amp;mdash;&amp;mdash;我所有很丑的设计中最不丑的一个。&lt;\/p&gt;\r\n&lt;p&gt;&lt;img class=&quot;img-responsive&quot; src=&quot;http:\/\/www.gzhzh.com\/ifeiwu\/data\/blog\/source\/ifeiwulog\/ifeiwulog20150909-01.jpg&quot; width=&quot;865&quot; height=&quot;2902&quot; \/&gt;&lt;\/p&gt;', `utime` = '1497063525', `image_path` = '' WHERE (id = '1')",
    "2": "INSERT INTO `b0001_log` (`title`, `admin_id`, `admin_name`, `url`, `table`, `type`, `ip`, `ctime`) VALUES ('平面设计中的形与色', '1', 'admin', 'http:\/\/cloud.ifeiwu.com\/main@form\/form?pi=1,0&nid=2&id=1', 'item', 'update', '127.0.0.1', '1497063525')"
}
[2017-06-10 10:58:46 PRC] PHP Debug: 
{
    "0": "SELECT * FROM b0001_item",
    "1": "SELECT COUNT(*) FROM b0001_item WHERE (nid = '2')",
    "2": "SELECT id, pid, title, ctime, utime, state, sortby FROM b0001_item WHERE (nid = '2') ORDER BY sortby DESC, ctime DESC LIMIT 0, 6"
}
[2017-06-10 10:58:47 PRC] PHP Debug: 
{
    "0": "SELECT * FROM b0001_item",
    "1": "SELECT * FROM b0001_item WHERE (id = '1')"
}
[2017-06-10 10:58:54 PRC] PHP Debug: 
{
    "0": "SELECT * FROM b0001_item",
    "1": "SELECT * FROM b0001_item WHERE (id = '1')"
}
[2017-06-10 10:59:05 PRC] PHP Debug: 
{
    "0": "SELECT * FROM b0001_item",
    "1": "SELECT * FROM b0001_item WHERE (id = '2')"
}
[2017-06-10 10:59:10 PRC] PHP Debug: 
{
    "0": "SELECT * FROM b0001_item",
    "1": "SELECT * FROM b0001_item WHERE (id = '1')"
}
[2017-06-10 10:59:41 PRC] PHP Debug: 
{
    "0": "SELECT * FROM b0001_admin",
    "1": "SELECT * FROM b0001_site WHERE (name = 'version')",
    "2": "INSERT INTO `b0001_site` (`name`, `value`) VALUES ('version', '1497063581')"
}
[2017-06-10 11:01:57 PRC] PHP Debug: 
{
    "0": "SELECT * FROM b0001_log",
    "1": "SELECT * FROM b0001_log WHERE pid = 0 ORDER BY ctime DESC LIMIT 4"
}
